# JRE version: OpenJDK Runtime Environment Temurin-21.0.9+10 (21.0.9+10) (build 21.0.9+10-LTS)
# Java VM: OpenJDK 64-Bit Server VM Temurin-21.0.9+10 (21.0.9+10-LTS, mixed mode, sharing, tiered, compressed oops, compressed class ptrs, g1 gc, windows-amd64)
GC Precious Log:
 CardTable entry size: 512
 Card Set container configuration: InlinePtr #cards 5 size 8 Array Of Cards #cards 12 size 40 Howl #buckets 4 coarsen threshold 1843 Howl Bitmap #cards 512 size 80 coarsen threshold 460 Card regions per heap region 1 cards per card region 2048
 CPUs: 16 total, 16 available
 Memory: 7805M
 Large Page Support: Disabled
 NUMA Support: Disabled
 Compressed Oops: Enabled (32-bit)
 Heap Region Size: 1M
 Heap Min Capacity: 256M
 Heap Initial Capacity: 256M
 Heap Max Capacity: 512M
 Pre-touch: Disabled
 Parallel Workers: 13
 Concurrent Workers: 3
 Concurrent Refinement Workers: 13
 Periodic GC: Disabled
Heap:
 garbage-first heap   total 262144K, used 206745K [0x00000000e0000000, 0x0000000100000000)
  region size 1024K, 117 young (119808K), 2 survivors (2048K)
 Metaspace       used 64448K, committed 66816K, reserved 393216K
  class space    used 9590K, committed 10688K, reserved 327680K
GC Heap History (16 events):
Event: 0.248 GC heap before
{Heap before GC invocations=0 (full 0):
 garbage-first heap   total 262144K, used 22528K [0x00000000e0000000, 0x0000000100000000)
  region size 1024K, 23 young (23552K), 0 survivors (0K)
 Metaspace       used 924K, committed 1088K, reserved 393216K
  class space    used 75K, committed 128K, reserved 327680K
}
Event: 0.251 GC heap after
{Heap after GC invocations=1 (full 0):
 garbage-first heap   total 262144K, used 1786K [0x00000000e0000000, 0x0000000100000000)
  region size 1024K, 2 young (2048K), 2 survivors (2048K)
 Metaspace       used 924K, committed 1088K, reserved 393216K
  class space    used 75K, committed 128K, reserved 327680K
}
Event: 0.766 GC heap before
{Heap before GC invocations=1 (full 0):
 garbage-first heap   total 262144K, used 42746K [0x00000000e0000000, 0x0000000100000000)
  region size 1024K, 39 young (39936K), 2 survivors (2048K)
 Metaspace       used 4725K, committed 4992K, reserved 393216K
  class space    used 586K, committed 704K, reserved 327680K
}
Event: 0.770 GC heap after
{Heap after GC invocations=2 (full 0):
 garbage-first heap   total 262144K, used 11554K [0x00000000e0000000, 0x0000000100000000)
  region size 1024K, 5 young (5120K), 5 survivors (5120K)
 Metaspace       used 4725K, committed 4992K, reserved 393216K
  class space    used 586K, committed 704K, reserved 327680K
}
Event: 2.091 GC heap before
{Heap before GC invocations=2 (full 0):
 garbage-first heap   total 262144K, used 116002K [0x00000000e0000000, 0x0000000100000000)
  region size 1024K, 106 young (108544K), 5 survivors (5120K)
 Metaspace       used 16402K, committed 16896K, reserved 393216K
  class space    used 2192K, committed 2432K, reserved 327680K
}
Event: 2.099 GC heap after
{Heap after GC invocations=3 (full 0):
 garbage-first heap   total 262144K, used 22166K [0x00000000e0000000, 0x0000000100000000)
  region size 1024K, 14 young (14336K), 14 survivors (14336K)
 Metaspace       used 16402K, committed 16896K, reserved 393216K
  class space    used 2192K, committed 2432K, reserved 327680K
}
Event: 2.722 GC heap before
{Heap before GC invocations=3 (full 0):
 garbage-first heap   total 262144K, used 52886K [0x00000000e0000000, 0x0000000100000000)
  region size 1024K, 44 young (45056K), 14 survivors (14336K)
 Metaspace       used 20957K, committed 21504K, reserved 393216K
  class space    used 2840K, committed 3072K, reserved 327680K
}
Event: 2.730 GC heap after
{Heap after GC invocations=4 (full 0):
 garbage-first heap   total 262144K, used 24443K [0x00000000e0000000, 0x0000000100000000)
  region size 1024K, 12 young (12288K), 12 survivors (12288K)
 Metaspace       used 20957K, committed 21504K, reserved 393216K
  class space    used 2840K, committed 3072K, reserved 327680K
}
Event: 4.613 GC heap before
{Heap before GC invocations=5 (full 0):
 garbage-first heap   total 262144K, used 153467K [0x00000000e0000000, 0x0000000100000000)
  region size 1024K, 128 young (131072K), 12 survivors (12288K)
 Metaspace       used 34592K, committed 35968K, reserved 393216K
  class space    used 5126K, committed 5824K, reserved 327680K
}
Event: 4.623 GC heap after
{Heap after GC invocations=6 (full 0):
 garbage-first heap   total 262144K, used 44049K [0x00000000e0000000, 0x0000000100000000)
  region size 1024K, 20 young (20480K), 20 survivors (20480K)
 Metaspace       used 34592K, committed 35968K, reserved 393216K
  class space    used 5126K, committed 5824K, reserved 327680K
}
Event: 6.700 GC heap before
{Heap before GC invocations=7 (full 0):
 garbage-first heap   total 262144K, used 193553K [0x00000000e0000000, 0x0000000100000000)
  region size 1024K, 153 young (156672K), 20 survivors (20480K)
 Metaspace       used 49363K, committed 51200K, reserved 393216K
  class space    used 7202K, committed 8128K, reserved 327680K
}
Event: 6.712 GC heap after
{Heap after GC invocations=8 (full 0):
 garbage-first heap   total 262144K, used 64512K [0x00000000e0000000, 0x0000000100000000)
  region size 1024K, 20 young (20480K), 20 survivors (20480K)
 Metaspace       used 49363K, committed 51200K, reserved 393216K
  class space    used 7202K, committed 8128K, reserved 327680K
}
Event: 8.304 GC heap before
{Heap before GC invocations=8 (full 0):
 garbage-first heap   total 262144K, used 191488K [0x00000000e0000000, 0x0000000100000000)
  region size 1024K, 135 young (138240K), 20 survivors (20480K)
 Metaspace       used 57931K, committed 60096K, reserved 393216K
  class space    used 8526K, committed 9600K, reserved 327680K
}
Event: 8.317 GC heap after
{Heap after GC invocations=9 (full 0):
 garbage-first heap   total 262144K, used 88905K [0x00000000e0000000, 0x0000000100000000)
  region size 1024K, 13 young (13312K), 13 survivors (13312K)
 Metaspace       used 57931K, committed 60096K, reserved 393216K
  class space    used 8526K, committed 9600K, reserved 327680K
}
Event: 8.343 GC heap before
{Heap before GC invocations=9 (full 0):
 garbage-first heap   total 262144K, used 90953K [0x00000000e0000000, 0x0000000100000000)
  region size 1024K, 16 young (16384K), 13 survivors (13312K)
 Metaspace       used 58255K, committed 60416K, reserved 393216K
  class space    used 8579K, committed 9664K, reserved 327680K
}
Event: 8.347 GC heap after
{Heap after GC invocations=10 (full 0):
 garbage-first heap   total 262144K, used 91033K [0x00000000e0000000, 0x0000000100000000)
  region size 1024K, 2 young (2048K), 2 survivors (2048K)
 Metaspace       used 58255K, committed 60416K, reserved 393216K
  class space    used 8579K, committed 9664K, reserved 327680K
}

